{
  "stats": {
    "suites": 1,
    "tests": 2,
    "passes": 2,
    "pending": 0,
    "failures": 0,
    "start": "2019-10-23T19:38:20.182Z",
    "end": "2019-10-23T19:38:20.182Z",
    "duration": 11747,
    "testsRegistered": 2,
    "passPercent": 100,
    "pendingPercent": 0,
    "other": 0,
    "hasOther": false,
    "skipped": 0,
    "hasSkipped": false
  },
  "results": [
    {
      "uuid": "fc4c686b-aa31-4523-ab3e-10ada283f3cc",
      "title": "",
      "fullFile": "",
      "file": "",
      "beforeHooks": [],
      "afterHooks": [],
      "tests": [],
      "suites": [
        {
          "uuid": "be067a2f-93c4-49da-b285-2d44d96eba9c",
          "title": "Navigation Trainsmart",
          "fullFile": "",
          "file": "",
          "beforeHooks": [],
          "afterHooks": [],
          "tests": [
            {
              "title": "NAV001 Header top line navigation (example #1)",
              "fullTitle": "Navigation Trainsmart NAV001 Header top line navigation (example #1)",
              "timedOut": null,
              "duration": 7787,
              "state": "passed",
              "speed": "slow",
              "pass": true,
              "fail": false,
              "pending": false,
              "context": null,
              "code": "const state = window.testState;\nreturn cy\n  .then(() => state.onStartScenario(scenario, indexedSteps))\n  .then(() =>\n    indexedSteps.forEach(step => stepTest.call(this, state, step, rowData))\n  )\n  .then(() => state.onFinishScenario(scenario));",
              "err": {},
              "uuid": "82fef05a-6d3c-47a5-a2dc-c97ef8173a7d",
              "parentUUID": "be067a2f-93c4-49da-b285-2d44d96eba9c",
              "isHook": false,
              "skipped": false
            },
            {
              "title": "NAV001 Header top line navigation (example #2)",
              "fullTitle": "Navigation Trainsmart NAV001 Header top line navigation (example #2)",
              "timedOut": null,
              "duration": 3960,
              "state": "passed",
              "speed": "slow",
              "pass": true,
              "fail": false,
              "pending": false,
              "context": null,
              "code": "const state = window.testState;\nreturn cy\n  .then(() => state.onStartScenario(scenario, indexedSteps))\n  .then(() =>\n    indexedSteps.forEach(step => stepTest.call(this, state, step, rowData))\n  )\n  .then(() => state.onFinishScenario(scenario));",
              "err": {},
              "uuid": "6f7b12b2-1e55-4789-b554-b3764e5a5aff",
              "parentUUID": "be067a2f-93c4-49da-b285-2d44d96eba9c",
              "isHook": false,
              "skipped": false
            }
          ],
          "suites": [],
          "passes": [
            "82fef05a-6d3c-47a5-a2dc-c97ef8173a7d",
            "6f7b12b2-1e55-4789-b554-b3764e5a5aff"
          ],
          "failures": [],
          "pending": [],
          "skipped": [],
          "duration": 11747,
          "root": false,
          "rootEmpty": false,
          "_timeout": 2000
        }
      ],
      "passes": [],
      "failures": [],
      "pending": [],
      "skipped": [],
      "duration": 0,
      "root": true,
      "rootEmpty": true,
      "_timeout": 2000
    }
  ],
  "meta": {
    "mocha": {
      "version": "5.2.0"
    },
    "mochawesome": {
      "options": {
        "quiet": true,
        "reportFilename": "mochawesome",
        "saveHtml": false,
        "saveJson": true,
        "consoleReporter": "spec",
        "useInlineDiffs": false
      },
      "version": "4.1.0"
    },
    "marge": {
      "options": {
        "id": "default",
        "reportDir": "cypress/mocha_reports/mocha",
        "quiet": true,
        "overwrite": false,
        "html": false,
        "json": true
      },
      "version": "4.0.1"
    }
  }
}