{
  "stats": {
    "suites": 1,
    "tests": 7,
    "passes": 7,
    "pending": 0,
    "failures": 0,
    "start": "2019-10-09T18:14:18.543Z",
    "end": "2019-10-09T18:14:41.395Z",
    "duration": 22852,
    "testsRegistered": 7,
    "passPercent": 100,
    "pendingPercent": 0,
    "other": 0,
    "hasOther": false,
    "skipped": 0,
    "hasSkipped": false
  },
  "results": [
    {
      "uuid": "ed93af3e-22d1-4396-88d0-dc73b2942cd2",
      "title": "",
      "fullFile": "",
      "file": "",
      "beforeHooks": [],
      "afterHooks": [],
      "tests": [],
      "suites": [
        {
          "uuid": "dd6034b8-b213-4380-adda-a5350a6eec8b",
          "title": "Navigation Trainsmart",
          "fullFile": "",
          "file": "",
          "beforeHooks": [],
          "afterHooks": [],
          "tests": [
            {
              "title": "NAV001 Header top line navigation (example #1)",
              "fullTitle": "Navigation Trainsmart NAV001 Header top line navigation (example #1)",
              "timedOut": null,
              "duration": 5100,
              "state": "passed",
              "speed": "slow",
              "pass": true,
              "fail": false,
              "pending": false,
              "context": null,
              "code": "const state = window.testState;\nreturn cy\n  .then(() => state.onStartScenario(scenario, indexedSteps))\n  .then(() =>\n    indexedSteps.forEach(step => stepTest.call(this, state, step, rowData))\n  )\n  .then(() => state.onFinishScenario(scenario));",
              "err": {},
              "uuid": "88686820-162e-4399-8794-89266d163f75",
              "parentUUID": "dd6034b8-b213-4380-adda-a5350a6eec8b",
              "isHook": false,
              "skipped": false
            },
            {
              "title": "NAV001 Header top line navigation (example #2)",
              "fullTitle": "Navigation Trainsmart NAV001 Header top line navigation (example #2)",
              "timedOut": null,
              "duration": 2399,
              "state": "passed",
              "speed": "slow",
              "pass": true,
              "fail": false,
              "pending": false,
              "context": null,
              "code": "const state = window.testState;\nreturn cy\n  .then(() => state.onStartScenario(scenario, indexedSteps))\n  .then(() =>\n    indexedSteps.forEach(step => stepTest.call(this, state, step, rowData))\n  )\n  .then(() => state.onFinishScenario(scenario));",
              "err": {},
              "uuid": "07f2dd3e-bb38-4cd2-bc56-21d4d6d1bec0",
              "parentUUID": "dd6034b8-b213-4380-adda-a5350a6eec8b",
              "isHook": false,
              "skipped": false
            },
            {
              "title": "NAV002 Global application navigation",
              "fullTitle": "Navigation Trainsmart NAV002 Global application navigation",
              "timedOut": null,
              "duration": 7376,
              "state": "passed",
              "speed": "slow",
              "pass": true,
              "fail": false,
              "pending": false,
              "context": null,
              "code": "const state = window.testState;\nreturn cy\n  .then(() => state.onStartScenario(scenario, indexedSteps))\n  .then(() =>\n    indexedSteps.forEach(step => stepTest.call(this, state, step, rowData))\n  )\n  .then(() => state.onFinishScenario(scenario));",
              "err": {},
              "uuid": "7708121d-3058-4432-b271-58324a0c1bac",
              "parentUUID": "dd6034b8-b213-4380-adda-a5350a6eec8b",
              "isHook": false,
              "skipped": false
            },
            {
              "title": "NAV003 Footer navigation (example #1)",
              "fullTitle": "Navigation Trainsmart NAV003 Footer navigation (example #1)",
              "timedOut": null,
              "duration": 2050,
              "state": "passed",
              "speed": "slow",
              "pass": true,
              "fail": false,
              "pending": false,
              "context": null,
              "code": "const state = window.testState;\nreturn cy\n  .then(() => state.onStartScenario(scenario, indexedSteps))\n  .then(() =>\n    indexedSteps.forEach(step => stepTest.call(this, state, step, rowData))\n  )\n  .then(() => state.onFinishScenario(scenario));",
              "err": {},
              "uuid": "4549276a-f966-45f7-88d9-b7bb5ade025b",
              "parentUUID": "dd6034b8-b213-4380-adda-a5350a6eec8b",
              "isHook": false,
              "skipped": false
            },
            {
              "title": "NAV003 Footer navigation (example #2)",
              "fullTitle": "Navigation Trainsmart NAV003 Footer navigation (example #2)",
              "timedOut": null,
              "duration": 1868,
              "state": "passed",
              "speed": "slow",
              "pass": true,
              "fail": false,
              "pending": false,
              "context": null,
              "code": "const state = window.testState;\nreturn cy\n  .then(() => state.onStartScenario(scenario, indexedSteps))\n  .then(() =>\n    indexedSteps.forEach(step => stepTest.call(this, state, step, rowData))\n  )\n  .then(() => state.onFinishScenario(scenario));",
              "err": {},
              "uuid": "aef5c785-2d7b-4c2e-bbbd-c0a93d84e967",
              "parentUUID": "dd6034b8-b213-4380-adda-a5350a6eec8b",
              "isHook": false,
              "skipped": false
            },
            {
              "title": "NAV003 Footer navigation (example #3)",
              "fullTitle": "Navigation Trainsmart NAV003 Footer navigation (example #3)",
              "timedOut": null,
              "duration": 990,
              "state": "passed",
              "speed": "slow",
              "pass": true,
              "fail": false,
              "pending": false,
              "context": null,
              "code": "const state = window.testState;\nreturn cy\n  .then(() => state.onStartScenario(scenario, indexedSteps))\n  .then(() =>\n    indexedSteps.forEach(step => stepTest.call(this, state, step, rowData))\n  )\n  .then(() => state.onFinishScenario(scenario));",
              "err": {},
              "uuid": "a872d19e-21fa-4ff8-93e1-9082f9539ee2",
              "parentUUID": "dd6034b8-b213-4380-adda-a5350a6eec8b",
              "isHook": false,
              "skipped": false
            },
            {
              "title": "NAV004 Footer Logo navigation",
              "fullTitle": "Navigation Trainsmart NAV004 Footer Logo navigation",
              "timedOut": null,
              "duration": 2550,
              "state": "passed",
              "speed": "slow",
              "pass": true,
              "fail": false,
              "pending": false,
              "context": null,
              "code": "const state = window.testState;\nreturn cy\n  .then(() => state.onStartScenario(scenario, indexedSteps))\n  .then(() =>\n    indexedSteps.forEach(step => stepTest.call(this, state, step, rowData))\n  )\n  .then(() => state.onFinishScenario(scenario));",
              "err": {},
              "uuid": "85d8975a-0ff0-41b5-b964-2b8bc4f170e7",
              "parentUUID": "dd6034b8-b213-4380-adda-a5350a6eec8b",
              "isHook": false,
              "skipped": false
            }
          ],
          "suites": [],
          "passes": [
            "88686820-162e-4399-8794-89266d163f75",
            "07f2dd3e-bb38-4cd2-bc56-21d4d6d1bec0",
            "7708121d-3058-4432-b271-58324a0c1bac",
            "4549276a-f966-45f7-88d9-b7bb5ade025b",
            "aef5c785-2d7b-4c2e-bbbd-c0a93d84e967",
            "a872d19e-21fa-4ff8-93e1-9082f9539ee2",
            "85d8975a-0ff0-41b5-b964-2b8bc4f170e7"
          ],
          "failures": [],
          "pending": [],
          "skipped": [],
          "duration": 22333,
          "root": false,
          "rootEmpty": false,
          "_timeout": 2000
        }
      ],
      "passes": [],
      "failures": [],
      "pending": [],
      "skipped": [],
      "duration": 0,
      "root": true,
      "rootEmpty": true,
      "_timeout": 2000
    }
  ],
  "meta": {
    "mocha": {
      "version": "5.2.0"
    },
    "mochawesome": {
      "options": {
        "quiet": true,
        "reportFilename": "mochawesome",
        "saveHtml": false,
        "saveJson": true,
        "consoleReporter": "spec",
        "useInlineDiffs": false
      },
      "version": "4.1.0"
    },
    "marge": {
      "options": {
        "id": "default",
        "reportDir": "cypress/mocha_reports/mocha",
        "quiet": true,
        "overwrite": false,
        "html": false,
        "json": true
      },
      "version": "4.0.1"
    }
  }
}